<?xml version="1.0" encoding="UTF-8"?>
<!-- Generated by org.testng.reporters.JUnitReportReporter -->
<testsuite skipped="0" hostname="jfarah-PC" name="JenkinsClassProject.TestPages" tests="1" failures="0" timestamp="05 Jun 2021 16:10:32 GMT" time="37.709" errors="0">
  <testcase name="TestCaseWithoutPOM" time="37.709" classname="JenkinsClassProject.TestPages"/>
</testsuite> <!-- JenkinsClassProject.TestPages -->
